    1  ssh-keygen -t rsa -b 4096
    2  eval "$(ssh-agent -s)"
    3  ssh-add ~/.ssh/id_rsa
    4  clip < ~/.ssh/id_rsa.pub
    5  cd /c/Users/Azumi/myrepo
    6  cd /c/Users/Azumi/myrepo
    7  ls
    8  git init
    9  git branch
   10  git add .
   11  git commit -m "New file added"
   12  git log
   13  git commit -m "New file added"
   14  git branch
   15  git add
   16  git add .'
   17  git add .
   18  ;
   19  -git/
   20  .git/
   21  file
   22  txt
   23  x
   24  fuck
   25  git bracnh
   26  git init
   27  git branch
   28  git add .
   29  git commit -m "new file added"
   30  git commit -m "new file added"
   31  git commit -m "new file added"
   32  git init
   33  git branch
   34  git add .
   35  git commit -m "new file added"
   36  git add .
   37  git commit -m "new file added"
   38  git log
   39  git remote add origin https://github.com/azumiar2016/tvt15smo.git
   40  git remote -v 
   41  git push origin master
   42  history
   43  history >myloki.log
